2024-11-17 23:00:35.346 INFO  [background-preinit] org.hibernate.validator.internal.util.Version - HV000001: Hibernate Validator 8.0.1.Final
2024-11-17 23:00:35.468 INFO  [main] org.example.kaVipApplication - Starting kaVipApplication using Java 17.0.7 with PID 19424 (C:\Users\Taoer\Desktop\vue3_admin\快递\springboot_express\target\classes started by Taoer in C:\Users\Taoer\Desktop\vue3_admin\快递\springboot_express)
2024-11-17 23:00:35.470 INFO  [main] org.example.kaVipApplication - No active profile set, falling back to 1 default profile: "default"
2024-11-17 23:00:37.347 INFO  [main] o.s.d.r.config.RepositoryConfigurationDelegate - Multiple Spring Data modules found, entering strict repository configuration mode
2024-11-17 23:00:37.353 INFO  [main] o.s.d.r.config.RepositoryConfigurationDelegate - Bootstrapping Spring Data Redis repositories in DEFAULT mode.
2024-11-17 23:00:37.447 INFO  [main] o.s.d.r.config.RepositoryConfigurationDelegate - Finished Spring Data repository scanning in 53 ms. Found 0 Redis repository interfaces.
2024-11-17 23:00:39.319 INFO  [main] o.s.boot.web.embedded.tomcat.TomcatWebServer - Tomcat initialized with port(s): 8080 (http)
2024-11-17 23:00:39.337 INFO  [main] org.apache.coyote.http11.Http11NioProtocol - Initializing ProtocolHandler ["http-nio-8080"]
2024-11-17 23:00:39.342 INFO  [main] org.apache.catalina.core.StandardService - Starting service [Tomcat]
2024-11-17 23:00:39.342 INFO  [main] org.apache.catalina.core.StandardEngine - Starting Servlet engine: [Apache Tomcat/10.1.15]
2024-11-17 23:00:39.695 INFO  [main] o.a.c.core.ContainerBase.[Tomcat].[localhost].[/] - Initializing Spring embedded WebApplicationContext
2024-11-17 23:00:39.695 INFO  [main] o.s.b.w.s.c.ServletWebServerApplicationContext - Root WebApplicationContext: initialization completed in 4072 ms
2024-11-17 23:00:42.721 INFO  [scheduled_update_cert_thread] c.w.p.c.apache.httpclient.cert.CertificatesManager - Begin update Certificates.Date:2024-11-17T15:00:42.721154400Z
2024-11-17 23:00:43.262 INFO  [scheduled_update_cert_thread] c.w.p.c.apache.httpclient.cert.CertificatesManager - Finish update Certificates.Date:2024-11-17T15:00:43.262929400Z
2024-11-17 23:00:43.709 INFO  [main] org.apache.coyote.http11.Http11NioProtocol - Starting ProtocolHandler ["http-nio-8080"]
2024-11-17 23:00:43.748 INFO  [main] o.s.boot.web.embedded.tomcat.TomcatWebServer - Tomcat started on port(s): 8080 (http) with context path ''
2024-11-17 23:00:43.768 INFO  [main] org.example.kaVipApplication - Started kaVipApplication in 9.312 seconds (process running for 10.844)
2024-11-17 23:01:40.235 INFO  [http-nio-8080-exec-1] o.a.c.core.ContainerBase.[Tomcat].[localhost].[/] - Initializing Spring DispatcherServlet 'dispatcherServlet'
2024-11-17 23:01:40.236 INFO  [http-nio-8080-exec-1] org.springframework.web.servlet.DispatcherServlet - Initializing Servlet 'dispatcherServlet'
2024-11-17 23:01:40.238 INFO  [http-nio-8080-exec-1] org.springframework.web.servlet.DispatcherServlet - Completed initialization in 1 ms
2024-11-17 23:01:40.379 INFO  [http-nio-8080-exec-1] com.zaxxer.hikari.HikariDataSource - HikariPool-1 - Starting...
2024-11-17 23:08:32.614 INFO  [background-preinit] org.hibernate.validator.internal.util.Version - HV000001: Hibernate Validator 8.0.1.Final
2024-11-17 23:08:32.716 INFO  [main] org.example.kaVipApplication - Starting kaVipApplication using Java 17.0.7 with PID 7872 (C:\Users\Taoer\Desktop\vue3_admin\快递\springboot_express\target\classes started by Taoer in C:\Users\Taoer\Desktop\vue3_admin\快递\springboot_express)
2024-11-17 23:08:32.717 INFO  [main] org.example.kaVipApplication - No active profile set, falling back to 1 default profile: "default"
2024-11-17 23:08:36.216 INFO  [main] o.s.d.r.config.RepositoryConfigurationDelegate - Multiple Spring Data modules found, entering strict repository configuration mode
2024-11-17 23:08:36.224 INFO  [main] o.s.d.r.config.RepositoryConfigurationDelegate - Bootstrapping Spring Data Redis repositories in DEFAULT mode.
2024-11-17 23:08:36.357 INFO  [main] o.s.d.r.config.RepositoryConfigurationDelegate - Finished Spring Data repository scanning in 77 ms. Found 0 Redis repository interfaces.
2024-11-17 23:08:38.615 INFO  [main] o.s.boot.web.embedded.tomcat.TomcatWebServer - Tomcat initialized with port(s): 8080 (http)
2024-11-17 23:08:38.635 INFO  [main] org.apache.coyote.http11.Http11NioProtocol - Initializing ProtocolHandler ["http-nio-8080"]
2024-11-17 23:08:38.639 INFO  [main] org.apache.catalina.core.StandardService - Starting service [Tomcat]
2024-11-17 23:08:38.640 INFO  [main] org.apache.catalina.core.StandardEngine - Starting Servlet engine: [Apache Tomcat/10.1.15]
2024-11-17 23:08:39.059 INFO  [main] o.a.c.core.ContainerBase.[Tomcat].[localhost].[/] - Initializing Spring embedded WebApplicationContext
2024-11-17 23:08:39.060 INFO  [main] o.s.b.w.s.c.ServletWebServerApplicationContext - Root WebApplicationContext: initialization completed in 6178 ms
2024-11-17 23:08:47.377 INFO  [scheduled_update_cert_thread] c.w.p.c.apache.httpclient.cert.CertificatesManager - Begin update Certificates.Date:2024-11-17T15:08:47.377204200Z
2024-11-17 23:08:47.798 INFO  [scheduled_update_cert_thread] c.w.p.c.apache.httpclient.cert.CertificatesManager - Finish update Certificates.Date:2024-11-17T15:08:47.798621Z
2024-11-17 23:08:49.323 INFO  [main] org.apache.coyote.http11.Http11NioProtocol - Starting ProtocolHandler ["http-nio-8080"]
2024-11-17 23:08:49.376 INFO  [main] o.s.boot.web.embedded.tomcat.TomcatWebServer - Tomcat started on port(s): 8080 (http) with context path ''
2024-11-17 23:08:49.397 INFO  [main] org.example.kaVipApplication - Started kaVipApplication in 17.703 seconds (process running for 18.902)
2024-11-17 23:08:54.649 INFO  [http-nio-8080-exec-1] o.a.c.core.ContainerBase.[Tomcat].[localhost].[/] - Initializing Spring DispatcherServlet 'dispatcherServlet'
2024-11-17 23:08:54.649 INFO  [http-nio-8080-exec-1] org.springframework.web.servlet.DispatcherServlet - Initializing Servlet 'dispatcherServlet'
2024-11-17 23:08:54.651 INFO  [http-nio-8080-exec-1] org.springframework.web.servlet.DispatcherServlet - Completed initialization in 1 ms
2024-11-17 23:08:54.825 INFO  [http-nio-8080-exec-1] com.zaxxer.hikari.HikariDataSource - HikariPool-1 - Starting...
2024-11-17 23:08:55.665 INFO  [http-nio-8080-exec-1] com.zaxxer.hikari.pool.HikariPool - HikariPool-1 - Added connection com.mysql.cj.jdbc.ConnectionImpl@2871ced0
2024-11-17 23:08:55.668 INFO  [http-nio-8080-exec-1] com.zaxxer.hikari.HikariDataSource - HikariPool-1 - Start completed.
2024-11-17 23:36:39.454 INFO  [SpringApplicationShutdownHook] com.zaxxer.hikari.HikariDataSource - HikariPool-1 - Shutdown initiated...
2024-11-17 23:36:39.482 INFO  [SpringApplicationShutdownHook] com.zaxxer.hikari.HikariDataSource - HikariPool-1 - Shutdown completed.
2024-11-17 23:37:17.980 INFO  [background-preinit] org.hibernate.validator.internal.util.Version - HV000001: Hibernate Validator 8.0.1.Final
2024-11-17 23:37:18.072 INFO  [main] org.example.kaVipApplication - Starting kaVipApplication using Java 17.0.7 with PID 20100 (C:\Users\Taoer\Desktop\vue3_admin\快递\springboot_express\target\classes started by Taoer in C:\Users\Taoer\Desktop\vue3_admin\快递\springboot_express)
2024-11-17 23:37:18.074 INFO  [main] org.example.kaVipApplication - No active profile set, falling back to 1 default profile: "default"
2024-11-17 23:37:20.254 INFO  [main] o.s.d.r.config.RepositoryConfigurationDelegate - Multiple Spring Data modules found, entering strict repository configuration mode
2024-11-17 23:37:20.261 INFO  [main] o.s.d.r.config.RepositoryConfigurationDelegate - Bootstrapping Spring Data Redis repositories in DEFAULT mode.
2024-11-17 23:37:20.367 INFO  [main] o.s.d.r.config.RepositoryConfigurationDelegate - Finished Spring Data repository scanning in 63 ms. Found 0 Redis repository interfaces.
2024-11-17 23:37:22.409 INFO  [main] o.s.boot.web.embedded.tomcat.TomcatWebServer - Tomcat initialized with port(s): 8080 (http)
2024-11-17 23:37:22.427 INFO  [main] org.apache.coyote.http11.Http11NioProtocol - Initializing ProtocolHandler ["http-nio-8080"]
2024-11-17 23:37:22.434 INFO  [main] org.apache.catalina.core.StandardService - Starting service [Tomcat]
2024-11-17 23:37:22.435 INFO  [main] org.apache.catalina.core.StandardEngine - Starting Servlet engine: [Apache Tomcat/10.1.15]
2024-11-17 23:37:22.796 INFO  [main] o.a.c.core.ContainerBase.[Tomcat].[localhost].[/] - Initializing Spring embedded WebApplicationContext
2024-11-17 23:37:22.797 INFO  [main] o.s.b.w.s.c.ServletWebServerApplicationContext - Root WebApplicationContext: initialization completed in 4603 ms
2024-11-17 23:37:25.891 INFO  [scheduled_update_cert_thread] c.w.p.c.apache.httpclient.cert.CertificatesManager - Begin update Certificates.Date:2024-11-17T15:37:25.891229800Z
2024-11-17 23:37:26.266 INFO  [scheduled_update_cert_thread] c.w.p.c.apache.httpclient.cert.CertificatesManager - Finish update Certificates.Date:2024-11-17T15:37:26.266828400Z
2024-11-17 23:37:27.018 INFO  [main] org.apache.coyote.http11.Http11NioProtocol - Starting ProtocolHandler ["http-nio-8080"]
2024-11-17 23:37:27.074 INFO  [main] o.s.boot.web.embedded.tomcat.TomcatWebServer - Tomcat started on port(s): 8080 (http) with context path ''
2024-11-17 23:37:27.095 INFO  [main] org.example.kaVipApplication - Started kaVipApplication in 10.059 seconds (process running for 11.465)
2024-11-17 23:37:36.054 INFO  [http-nio-8080-exec-1] o.a.c.core.ContainerBase.[Tomcat].[localhost].[/] - Initializing Spring DispatcherServlet 'dispatcherServlet'
2024-11-17 23:37:36.055 INFO  [http-nio-8080-exec-1] org.springframework.web.servlet.DispatcherServlet - Initializing Servlet 'dispatcherServlet'
2024-11-17 23:37:36.057 INFO  [http-nio-8080-exec-1] org.springframework.web.servlet.DispatcherServlet - Completed initialization in 2 ms
2024-11-17 23:37:36.178 INFO  [http-nio-8080-exec-1] com.zaxxer.hikari.HikariDataSource - HikariPool-1 - Starting...
2024-11-17 23:37:37.056 INFO  [http-nio-8080-exec-1] com.zaxxer.hikari.pool.HikariPool - HikariPool-1 - Added connection com.mysql.cj.jdbc.ConnectionImpl@6f73f5b
2024-11-17 23:37:37.062 INFO  [http-nio-8080-exec-1] com.zaxxer.hikari.HikariDataSource - HikariPool-1 - Start completed.
2024-11-17 23:41:07.728 INFO  [SpringApplicationShutdownHook] com.zaxxer.hikari.HikariDataSource - HikariPool-1 - Shutdown initiated...
2024-11-17 23:41:07.739 INFO  [SpringApplicationShutdownHook] com.zaxxer.hikari.HikariDataSource - HikariPool-1 - Shutdown completed.
2024-11-17 23:41:18.916 INFO  [background-preinit] org.hibernate.validator.internal.util.Version - HV000001: Hibernate Validator 8.0.1.Final
2024-11-17 23:41:19.017 INFO  [main] org.example.kaVipApplication - Starting kaVipApplication using Java 17.0.7 with PID 13648 (C:\Users\Taoer\Desktop\vue3_admin\快递\springboot_express\target\classes started by Taoer in C:\Users\Taoer\Desktop\vue3_admin\快递\springboot_express)
2024-11-17 23:41:19.019 INFO  [main] org.example.kaVipApplication - No active profile set, falling back to 1 default profile: "default"
2024-11-17 23:41:20.949 INFO  [main] o.s.d.r.config.RepositoryConfigurationDelegate - Multiple Spring Data modules found, entering strict repository configuration mode
2024-11-17 23:41:20.954 INFO  [main] o.s.d.r.config.RepositoryConfigurationDelegate - Bootstrapping Spring Data Redis repositories in DEFAULT mode.
2024-11-17 23:41:21.048 INFO  [main] o.s.d.r.config.RepositoryConfigurationDelegate - Finished Spring Data repository scanning in 64 ms. Found 0 Redis repository interfaces.
2024-11-17 23:41:22.786 INFO  [main] o.s.boot.web.embedded.tomcat.TomcatWebServer - Tomcat initialized with port(s): 8080 (http)
2024-11-17 23:41:22.810 INFO  [main] org.apache.coyote.http11.Http11NioProtocol - Initializing ProtocolHandler ["http-nio-8080"]
2024-11-17 23:41:22.816 INFO  [main] org.apache.catalina.core.StandardService - Starting service [Tomcat]
2024-11-17 23:41:22.816 INFO  [main] org.apache.catalina.core.StandardEngine - Starting Servlet engine: [Apache Tomcat/10.1.15]
2024-11-17 23:41:23.150 INFO  [main] o.a.c.core.ContainerBase.[Tomcat].[localhost].[/] - Initializing Spring embedded WebApplicationContext
2024-11-17 23:41:23.150 INFO  [main] o.s.b.w.s.c.ServletWebServerApplicationContext - Root WebApplicationContext: initialization completed in 4004 ms
2024-11-17 23:41:25.633 INFO  [scheduled_update_cert_thread] c.w.p.c.apache.httpclient.cert.CertificatesManager - Begin update Certificates.Date:2024-11-17T15:41:25.633399500Z
2024-11-17 23:41:26.023 INFO  [scheduled_update_cert_thread] c.w.p.c.apache.httpclient.cert.CertificatesManager - Finish update Certificates.Date:2024-11-17T15:41:26.023390200Z
2024-11-17 23:41:26.649 INFO  [main] org.apache.coyote.http11.Http11NioProtocol - Starting ProtocolHandler ["http-nio-8080"]
2024-11-17 23:41:26.693 INFO  [main] o.s.boot.web.embedded.tomcat.TomcatWebServer - Tomcat started on port(s): 8080 (http) with context path ''
2024-11-17 23:41:26.710 INFO  [main] org.example.kaVipApplication - Started kaVipApplication in 8.68 seconds (process running for 10.134)
2024-11-17 23:41:29.705 INFO  [http-nio-8080-exec-2] o.a.c.core.ContainerBase.[Tomcat].[localhost].[/] - Initializing Spring DispatcherServlet 'dispatcherServlet'
2024-11-17 23:41:29.706 INFO  [http-nio-8080-exec-2] org.springframework.web.servlet.DispatcherServlet - Initializing Servlet 'dispatcherServlet'
2024-11-17 23:41:29.708 INFO  [http-nio-8080-exec-2] org.springframework.web.servlet.DispatcherServlet - Completed initialization in 1 ms
2024-11-17 23:41:29.823 INFO  [http-nio-8080-exec-2] com.zaxxer.hikari.HikariDataSource - HikariPool-1 - Starting...
2024-11-17 23:41:30.335 INFO  [http-nio-8080-exec-2] com.zaxxer.hikari.pool.HikariPool - HikariPool-1 - Added connection com.mysql.cj.jdbc.ConnectionImpl@1e6be0aa
2024-11-17 23:41:30.340 INFO  [http-nio-8080-exec-2] com.zaxxer.hikari.HikariDataSource - HikariPool-1 - Start completed.
2024-11-17 23:42:17.966 INFO  [SpringApplicationShutdownHook] com.zaxxer.hikari.HikariDataSource - HikariPool-1 - Shutdown initiated...
2024-11-17 23:42:17.987 INFO  [SpringApplicationShutdownHook] com.zaxxer.hikari.HikariDataSource - HikariPool-1 - Shutdown completed.
2024-11-17 23:42:29.721 INFO  [background-preinit] org.hibernate.validator.internal.util.Version - HV000001: Hibernate Validator 8.0.1.Final
2024-11-17 23:42:29.822 INFO  [main] org.example.kaVipApplication - Starting kaVipApplication using Java 17.0.7 with PID 18152 (C:\Users\Taoer\Desktop\vue3_admin\快递\springboot_express\target\classes started by Taoer in C:\Users\Taoer\Desktop\vue3_admin\快递\springboot_express)
2024-11-17 23:42:29.824 INFO  [main] org.example.kaVipApplication - No active profile set, falling back to 1 default profile: "default"
2024-11-17 23:42:31.766 INFO  [main] o.s.d.r.config.RepositoryConfigurationDelegate - Multiple Spring Data modules found, entering strict repository configuration mode
2024-11-17 23:42:31.771 INFO  [main] o.s.d.r.config.RepositoryConfigurationDelegate - Bootstrapping Spring Data Redis repositories in DEFAULT mode.
2024-11-17 23:42:31.874 INFO  [main] o.s.d.r.config.RepositoryConfigurationDelegate - Finished Spring Data repository scanning in 71 ms. Found 0 Redis repository interfaces.
2024-11-17 23:42:33.571 INFO  [main] o.s.boot.web.embedded.tomcat.TomcatWebServer - Tomcat initialized with port(s): 8080 (http)
2024-11-17 23:42:33.590 INFO  [main] org.apache.coyote.http11.Http11NioProtocol - Initializing ProtocolHandler ["http-nio-8080"]
2024-11-17 23:42:33.595 INFO  [main] org.apache.catalina.core.StandardService - Starting service [Tomcat]
2024-11-17 23:42:33.595 INFO  [main] org.apache.catalina.core.StandardEngine - Starting Servlet engine: [Apache Tomcat/10.1.15]
2024-11-17 23:42:33.945 INFO  [main] o.a.c.core.ContainerBase.[Tomcat].[localhost].[/] - Initializing Spring embedded WebApplicationContext
2024-11-17 23:42:33.946 INFO  [main] o.s.b.w.s.c.ServletWebServerApplicationContext - Root WebApplicationContext: initialization completed in 3992 ms
2024-11-17 23:42:36.466 INFO  [scheduled_update_cert_thread] c.w.p.c.apache.httpclient.cert.CertificatesManager - Begin update Certificates.Date:2024-11-17T15:42:36.466167600Z
2024-11-17 23:42:36.895 INFO  [scheduled_update_cert_thread] c.w.p.c.apache.httpclient.cert.CertificatesManager - Finish update Certificates.Date:2024-11-17T15:42:36.895194700Z
2024-11-17 23:42:37.651 INFO  [main] org.apache.coyote.http11.Http11NioProtocol - Starting ProtocolHandler ["http-nio-8080"]
2024-11-17 23:42:37.698 INFO  [main] o.s.boot.web.embedded.tomcat.TomcatWebServer - Tomcat started on port(s): 8080 (http) with context path ''
2024-11-17 23:42:37.713 INFO  [main] org.example.kaVipApplication - Started kaVipApplication in 8.832 seconds (process running for 10.058)
2024-11-17 23:42:40.583 INFO  [http-nio-8080-exec-2] o.a.c.core.ContainerBase.[Tomcat].[localhost].[/] - Initializing Spring DispatcherServlet 'dispatcherServlet'
2024-11-17 23:42:40.584 INFO  [http-nio-8080-exec-2] org.springframework.web.servlet.DispatcherServlet - Initializing Servlet 'dispatcherServlet'
2024-11-17 23:42:40.587 INFO  [http-nio-8080-exec-2] org.springframework.web.servlet.DispatcherServlet - Completed initialization in 1 ms
2024-11-17 23:42:40.730 INFO  [http-nio-8080-exec-2] com.zaxxer.hikari.HikariDataSource - HikariPool-1 - Starting...
2024-11-17 23:42:41.282 INFO  [http-nio-8080-exec-2] com.zaxxer.hikari.pool.HikariPool - HikariPool-1 - Added connection com.mysql.cj.jdbc.ConnectionImpl@26bffca0
2024-11-17 23:42:41.286 INFO  [http-nio-8080-exec-2] com.zaxxer.hikari.HikariDataSource - HikariPool-1 - Start completed.
2024-11-17 23:42:50.385 INFO  [SpringApplicationShutdownHook] com.zaxxer.hikari.HikariDataSource - HikariPool-1 - Shutdown initiated...
2024-11-17 23:42:50.406 INFO  [SpringApplicationShutdownHook] com.zaxxer.hikari.HikariDataSource - HikariPool-1 - Shutdown completed.
2024-11-17 23:43:01.317 INFO  [background-preinit] org.hibernate.validator.internal.util.Version - HV000001: Hibernate Validator 8.0.1.Final
2024-11-17 23:43:01.406 INFO  [main] org.example.kaVipApplication - Starting kaVipApplication using Java 17.0.7 with PID 20128 (C:\Users\Taoer\Desktop\vue3_admin\快递\springboot_express\target\classes started by Taoer in C:\Users\Taoer\Desktop\vue3_admin\快递\springboot_express)
2024-11-17 23:43:01.409 INFO  [main] org.example.kaVipApplication - No active profile set, falling back to 1 default profile: "default"
2024-11-17 23:43:03.252 INFO  [main] o.s.d.r.config.RepositoryConfigurationDelegate - Multiple Spring Data modules found, entering strict repository configuration mode
2024-11-17 23:43:03.257 INFO  [main] o.s.d.r.config.RepositoryConfigurationDelegate - Bootstrapping Spring Data Redis repositories in DEFAULT mode.
2024-11-17 23:43:03.353 INFO  [main] o.s.d.r.config.RepositoryConfigurationDelegate - Finished Spring Data repository scanning in 55 ms. Found 0 Redis repository interfaces.
2024-11-17 23:43:04.937 INFO  [main] o.s.boot.web.embedded.tomcat.TomcatWebServer - Tomcat initialized with port(s): 8080 (http)
2024-11-17 23:43:04.956 INFO  [main] org.apache.coyote.http11.Http11NioProtocol - Initializing ProtocolHandler ["http-nio-8080"]
2024-11-17 23:43:04.964 INFO  [main] org.apache.catalina.core.StandardService - Starting service [Tomcat]
2024-11-17 23:43:04.964 INFO  [main] org.apache.catalina.core.StandardEngine - Starting Servlet engine: [Apache Tomcat/10.1.15]
2024-11-17 23:43:05.306 INFO  [main] o.a.c.core.ContainerBase.[Tomcat].[localhost].[/] - Initializing Spring embedded WebApplicationContext
2024-11-17 23:43:05.307 INFO  [main] o.s.b.w.s.c.ServletWebServerApplicationContext - Root WebApplicationContext: initialization completed in 3795 ms
2024-11-17 23:43:07.501 INFO  [scheduled_update_cert_thread] c.w.p.c.apache.httpclient.cert.CertificatesManager - Begin update Certificates.Date:2024-11-17T15:43:07.501567300Z
2024-11-17 23:43:07.871 INFO  [scheduled_update_cert_thread] c.w.p.c.apache.httpclient.cert.CertificatesManager - Finish update Certificates.Date:2024-11-17T15:43:07.871995800Z
2024-11-17 23:43:08.572 INFO  [main] org.apache.coyote.http11.Http11NioProtocol - Starting ProtocolHandler ["http-nio-8080"]
2024-11-17 23:43:08.614 INFO  [main] o.s.boot.web.embedded.tomcat.TomcatWebServer - Tomcat started on port(s): 8080 (http) with context path ''
2024-11-17 23:43:08.629 INFO  [main] org.example.kaVipApplication - Started kaVipApplication in 8.267 seconds (process running for 9.74)
2024-11-17 23:43:12.325 INFO  [http-nio-8080-exec-1] o.a.c.core.ContainerBase.[Tomcat].[localhost].[/] - Initializing Spring DispatcherServlet 'dispatcherServlet'
2024-11-17 23:43:12.326 INFO  [http-nio-8080-exec-1] org.springframework.web.servlet.DispatcherServlet - Initializing Servlet 'dispatcherServlet'
2024-11-17 23:43:12.329 INFO  [http-nio-8080-exec-1] org.springframework.web.servlet.DispatcherServlet - Completed initialization in 2 ms
2024-11-17 23:43:12.445 INFO  [http-nio-8080-exec-1] com.zaxxer.hikari.HikariDataSource - HikariPool-1 - Starting...
2024-11-17 23:43:12.868 INFO  [http-nio-8080-exec-1] com.zaxxer.hikari.pool.HikariPool - HikariPool-1 - Added connection com.mysql.cj.jdbc.ConnectionImpl@527197e4
2024-11-17 23:43:12.870 INFO  [http-nio-8080-exec-1] com.zaxxer.hikari.HikariDataSource - HikariPool-1 - Start completed.
2024-11-17 23:44:54.080 INFO  [SpringApplicationShutdownHook] com.zaxxer.hikari.HikariDataSource - HikariPool-1 - Shutdown initiated...
2024-11-17 23:44:54.099 INFO  [SpringApplicationShutdownHook] com.zaxxer.hikari.HikariDataSource - HikariPool-1 - Shutdown completed.
