2024-11-25 14:33:57.637 INFO  [background-preinit] org.hibernate.validator.internal.util.Version - HV000001: Hibernate Validator 8.0.1.Final
2024-11-25 14:33:57.722 INFO  [main] org.example.kaVipApplication - Starting kaVipApplication using Java 17.0.7 with PID 11628 (C:\Users\Taoer\Desktop\vue3_admin\快递\springboot_express\target\classes started by Taoer in C:\Users\Taoer\Desktop\vue3_admin\快递\springboot_express)
2024-11-25 14:33:57.724 INFO  [main] org.example.kaVipApplication - No active profile set, falling back to 1 default profile: "default"
2024-11-25 14:33:59.249 INFO  [main] o.s.d.r.config.RepositoryConfigurationDelegate - Multiple Spring Data modules found, entering strict repository configuration mode
2024-11-25 14:33:59.253 INFO  [main] o.s.d.r.config.RepositoryConfigurationDelegate - Bootstrapping Spring Data Redis repositories in DEFAULT mode.
2024-11-25 14:33:59.394 INFO  [main] o.s.d.r.config.RepositoryConfigurationDelegate - Finished Spring Data repository scanning in 89 ms. Found 0 Redis repository interfaces.
2024-11-25 14:34:00.709 INFO  [main] o.s.boot.web.embedded.tomcat.TomcatWebServer - Tomcat initialized with port(s): 8080 (http)
2024-11-25 14:34:00.725 INFO  [main] org.apache.coyote.http11.Http11NioProtocol - Initializing ProtocolHandler ["http-nio-8080"]
2024-11-25 14:34:00.728 INFO  [main] org.apache.catalina.core.StandardService - Starting service [Tomcat]
2024-11-25 14:34:00.728 INFO  [main] org.apache.catalina.core.StandardEngine - Starting Servlet engine: [Apache Tomcat/10.1.15]
2024-11-25 14:34:01.026 INFO  [main] o.a.c.core.ContainerBase.[Tomcat].[localhost].[/] - Initializing Spring embedded WebApplicationContext
2024-11-25 14:34:01.026 INFO  [main] o.s.b.w.s.c.ServletWebServerApplicationContext - Root WebApplicationContext: initialization completed in 3178 ms
2024-11-25 14:34:04.088 INFO  [scheduled_update_cert_thread] c.w.p.c.apache.httpclient.cert.CertificatesManager - Begin update Certificates.Date:2024-11-25T06:34:04.088120800Z
2024-11-25 14:34:04.619 INFO  [scheduled_update_cert_thread] c.w.p.c.apache.httpclient.cert.CertificatesManager - Finish update Certificates.Date:2024-11-25T06:34:04.619258300Z
2024-11-25 14:34:04.972 INFO  [main] org.apache.coyote.http11.Http11NioProtocol - Starting ProtocolHandler ["http-nio-8080"]
2024-11-25 14:34:05.010 INFO  [main] o.s.boot.web.embedded.tomcat.TomcatWebServer - Tomcat started on port(s): 8080 (http) with context path ''
2024-11-25 14:34:05.020 INFO  [main] org.example.kaVipApplication - Started kaVipApplication in 8.293 seconds (process running for 9.726)
2024-11-25 14:36:21.675 INFO  [http-nio-8080-exec-1] o.a.c.core.ContainerBase.[Tomcat].[localhost].[/] - Initializing Spring DispatcherServlet 'dispatcherServlet'
2024-11-25 14:36:21.676 INFO  [http-nio-8080-exec-1] org.springframework.web.servlet.DispatcherServlet - Initializing Servlet 'dispatcherServlet'
2024-11-25 14:36:21.678 INFO  [http-nio-8080-exec-1] org.springframework.web.servlet.DispatcherServlet - Completed initialization in 1 ms
2024-11-25 14:36:27.335 INFO  [http-nio-8080-exec-3] com.zaxxer.hikari.HikariDataSource - HikariPool-1 - Starting...
2024-11-25 14:36:27.860 INFO  [http-nio-8080-exec-3] com.zaxxer.hikari.pool.HikariPool - HikariPool-1 - Added connection com.mysql.cj.jdbc.ConnectionImpl@4e1f2782
2024-11-25 14:36:27.863 INFO  [http-nio-8080-exec-3] com.zaxxer.hikari.HikariDataSource - HikariPool-1 - Start completed.
2024-11-25 14:38:59.866 INFO  [SpringApplicationShutdownHook] com.zaxxer.hikari.HikariDataSource - HikariPool-1 - Shutdown initiated...
2024-11-25 14:38:59.875 INFO  [SpringApplicationShutdownHook] com.zaxxer.hikari.HikariDataSource - HikariPool-1 - Shutdown completed.
2024-11-25 14:39:07.660 INFO  [background-preinit] org.hibernate.validator.internal.util.Version - HV000001: Hibernate Validator 8.0.1.Final
2024-11-25 14:39:07.712 INFO  [main] org.example.kaVipApplication - Starting kaVipApplication using Java 17.0.7 with PID 17988 (C:\Users\Taoer\Desktop\vue3_admin\快递\springboot_express\target\classes started by Taoer in C:\Users\Taoer\Desktop\vue3_admin\快递\springboot_express)
2024-11-25 14:39:07.713 INFO  [main] org.example.kaVipApplication - No active profile set, falling back to 1 default profile: "default"
2024-11-25 14:39:08.927 INFO  [main] o.s.d.r.config.RepositoryConfigurationDelegate - Multiple Spring Data modules found, entering strict repository configuration mode
2024-11-25 14:39:08.932 INFO  [main] o.s.d.r.config.RepositoryConfigurationDelegate - Bootstrapping Spring Data Redis repositories in DEFAULT mode.
2024-11-25 14:39:08.992 INFO  [main] o.s.d.r.config.RepositoryConfigurationDelegate - Finished Spring Data repository scanning in 39 ms. Found 0 Redis repository interfaces.
2024-11-25 14:39:10.287 INFO  [main] o.s.boot.web.embedded.tomcat.TomcatWebServer - Tomcat initialized with port(s): 8080 (http)
2024-11-25 14:39:10.301 INFO  [main] org.apache.coyote.http11.Http11NioProtocol - Initializing ProtocolHandler ["http-nio-8080"]
2024-11-25 14:39:10.304 INFO  [main] org.apache.catalina.core.StandardService - Starting service [Tomcat]
2024-11-25 14:39:10.305 INFO  [main] org.apache.catalina.core.StandardEngine - Starting Servlet engine: [Apache Tomcat/10.1.15]
2024-11-25 14:39:10.536 INFO  [main] o.a.c.core.ContainerBase.[Tomcat].[localhost].[/] - Initializing Spring embedded WebApplicationContext
2024-11-25 14:39:10.537 INFO  [main] o.s.b.w.s.c.ServletWebServerApplicationContext - Root WebApplicationContext: initialization completed in 2763 ms
2024-11-25 14:39:12.392 INFO  [scheduled_update_cert_thread] c.w.p.c.apache.httpclient.cert.CertificatesManager - Begin update Certificates.Date:2024-11-25T06:39:12.392195400Z
2024-11-25 14:39:12.830 INFO  [scheduled_update_cert_thread] c.w.p.c.apache.httpclient.cert.CertificatesManager - Finish update Certificates.Date:2024-11-25T06:39:12.830858800Z
2024-11-25 14:39:13.137 INFO  [main] org.apache.coyote.http11.Http11NioProtocol - Starting ProtocolHandler ["http-nio-8080"]
2024-11-25 14:39:13.167 INFO  [main] o.s.boot.web.embedded.tomcat.TomcatWebServer - Tomcat started on port(s): 8080 (http) with context path ''
2024-11-25 14:39:13.177 INFO  [main] org.example.kaVipApplication - Started kaVipApplication in 6.148 seconds (process running for 7.011)
2024-11-25 14:39:18.174 INFO  [http-nio-8080-exec-1] o.a.c.core.ContainerBase.[Tomcat].[localhost].[/] - Initializing Spring DispatcherServlet 'dispatcherServlet'
2024-11-25 14:39:18.174 INFO  [http-nio-8080-exec-1] org.springframework.web.servlet.DispatcherServlet - Initializing Servlet 'dispatcherServlet'
2024-11-25 14:39:18.176 INFO  [http-nio-8080-exec-1] org.springframework.web.servlet.DispatcherServlet - Completed initialization in 1 ms
2024-11-25 14:39:18.273 INFO  [http-nio-8080-exec-1] com.zaxxer.hikari.HikariDataSource - HikariPool-1 - Starting...
2024-11-25 14:39:18.660 INFO  [http-nio-8080-exec-1] com.zaxxer.hikari.pool.HikariPool - HikariPool-1 - Added connection com.mysql.cj.jdbc.ConnectionImpl@107d8039
2024-11-25 14:39:18.662 INFO  [http-nio-8080-exec-1] com.zaxxer.hikari.HikariDataSource - HikariPool-1 - Start completed.
2024-11-25 20:15:49.458 INFO  [SpringApplicationShutdownHook] com.zaxxer.hikari.HikariDataSource - HikariPool-1 - Shutdown initiated...
2024-11-25 20:15:49.472 INFO  [SpringApplicationShutdownHook] com.zaxxer.hikari.HikariDataSource - HikariPool-1 - Shutdown completed.
